[debug] [2022-06-01T04:02:58.987Z] ----------------------------------------------------------------------
[debug] [2022-06-01T04:02:58.989Z] Command:       C:\Program Files\nodejs\node.exe C:\Users\Saimon\AppData\Roaming\npm\node_modules\firebase-tools\lib\bin\firebase.js init
[debug] [2022-06-01T04:02:58.989Z] CLI Version:   9.19.0
[debug] [2022-06-01T04:02:58.989Z] Platform:      win32
[debug] [2022-06-01T04:02:58.989Z] Node Version:  v16.15.0
[debug] [2022-06-01T04:02:58.990Z] Time:          Wed Jun 01 2022 12:02:58 GMT+0800 (China Standard Time)
[debug] [2022-06-01T04:02:58.990Z] ----------------------------------------------------------------------
[debug] 
[debug] [2022-06-01T04:02:58.997Z] > command requires scopes: ["email","openid","https://www.googleapis.com/auth/cloudplatformprojects.readonly","https://www.googleapis.com/auth/firebase","https://www.googleapis.com/auth/cloud-platform"]
[debug] [2022-06-01T04:02:58.997Z] > authorizing via signed-in user (cachuelasaimon@gmail.com)
[info] 
     ######## #### ########  ######## ########     ###     ######  ########
     ##        ##  ##     ## ##       ##     ##  ##   ##  ##       ##
     ######    ##  ########  ######   ########  #########  ######  ######
     ##        ##  ##    ##  ##       ##     ## ##     ##       ## ##
     ##       #### ##     ## ######## ########  ##     ##  ######  ########

You're about to initialize a Firebase project in this directory:

  C:\Users\Saimon\Desktop\WebDev\react-ts\side\ecommerce-app

[info] 
=== Project Setup
[info] 
[info] First, let's associate this project directory with a Firebase project.
[info] You can create multiple project aliases by running firebase use --add, 
[info] but for now we'll just set up a default project.
[info] 
[debug] [2022-06-01T04:03:05.259Z] > refreshing access token with scopes: []
[debug] [2022-06-01T04:03:05.259Z] >>> HTTP REQUEST POST https://www.googleapis.com/oauth2/v3/token  
 <request body omitted>
[debug] [2022-06-01T04:03:05.425Z] <<< HTTP RESPONSE 200 {"expires":"Mon, 01 Jan 1990 00:00:00 GMT","pragma":"no-cache","date":"Wed, 01 Jun 2022 04:03:05 GMT","cache-control":"no-cache, no-store, max-age=0, must-revalidate","content-type":"application/json; charset=utf-8","vary":"X-Origin, Referer, Origin,Accept-Encoding","server":"scaffolding on HTTPServer2","x-xss-protection":"0","x-frame-options":"SAMEORIGIN","x-content-type-options":"nosniff","alt-svc":"h3=\":443\"; ma=2592000,h3-29=\":443\"; ma=2592000,h3-Q050=\":443\"; ma=2592000,h3-Q046=\":443\"; ma=2592000,h3-Q043=\":443\"; ma=2592000,quic=\":443\"; ma=2592000; v=\"46,43\"","accept-ranges":"none","transfer-encoding":"chunked"}
[debug] [2022-06-01T04:03:05.434Z] >>> [apiv2][query] GET https://firebase.googleapis.com/v1beta1/projects pageSize=100
[debug] [2022-06-01T04:03:06.084Z] <<< [apiv2][status] GET https://firebase.googleapis.com/v1beta1/projects 200
[debug] [2022-06-01T04:03:06.085Z] <<< [apiv2][body] GET https://firebase.googleapis.com/v1beta1/projects [omitted]
